info it worked if it ends with ok
verbose cli [ 'node', '/usr/bin/npm', 'install', 'jade' ]
info using npm@1.1.4
info using node@v0.6.12
verbose config file /home/sameer/.npmrc
verbose config file /usr/etc/npmrc
verbose config file /usr/share/npm/npmrc
verbose cache add [ 'jade', null ]
silly cache add: name, spec, args [ undefined, 'jade', [ 'jade', null ] ]
verbose parsed url { pathname: 'jade', path: 'jade', href: 'jade' }
verbose addNamed [ 'jade', '' ]
verbose addNamed [ null, '' ]
silly name, range, hasData [ 'jade', '', false ]
verbose raw, before any munging jade
verbose url resolving [ 'http://registry.npmjs.org/', './jade' ]
verbose url resolved http://registry.npmjs.org/jade
http GET http://registry.npmjs.org/jade
http 200 http://registry.npmjs.org/jade
silly get cb [ 200,
silly get cb   { server: 'CouchDB/1.5.0 (Erlang OTP/R16B03)',
silly get cb     etag: '"2O8A36TZF8FAVX35MDT0V2IQJ"',
silly get cb     'content-type': 'application/json',
silly get cb     'cache-control': 'max-age=60',
silly get cb     'content-length': '127374',
silly get cb     'accept-ranges': 'bytes',
silly get cb     date: 'Fri, 03 Oct 2014 17:04:23 GMT',
silly get cb     via: '1.1 varnish',
silly get cb     age: '718',
silly get cb     connection: 'keep-alive',
silly get cb     'x-served-by': 'cache-ord1734-ORD',
silly get cb     'x-cache': 'HIT',
silly get cb     'x-cache-hits': '1',
silly get cb     'x-timer': 'S1412355863.956171,VS0,VE0',
silly get cb     vary: 'Accept' } ]
verbose mkdir (expected) error ENOENT, no such file or directory '/home/sameer/.npm/jade'
verbose mkdir done: /home/sameer/.npm/jade 755
silly name, range, hasData 2 [ 'jade', '', true ]
silly versions [ 'jade',
silly versions   [ '0.0.1',
silly versions     '0.0.2',
silly versions     '0.1.0',
silly versions     '0.2.0',
silly versions     '0.2.1',
silly versions     '0.2.2',
silly versions     '0.2.3',
silly versions     '0.2.4',
silly versions     '0.3.0',
silly versions     '0.4.0',
silly versions     '0.4.1',
silly versions     '0.5.0',
silly versions     '0.5.1',
silly versions     '0.5.2',
silly versions     '0.5.3',
silly versions     '0.5.4',
silly versions     '0.5.5',
silly versions     '0.5.6',
silly versions     '0.5.7',
silly versions     '0.6.0',
silly versions     '0.6.1',
silly versions     '0.6.3',
silly versions     '0.7.0',
silly versions     '0.7.1',
silly versions     '0.8.0',
silly versions     '0.8.1',
silly versions     '0.8.2',
silly versions     '0.8.3',
silly versions     '0.8.4',
silly versions     '0.8.5',
silly versions     '0.8.6',
silly versions     '0.8.7',
silly versions     '0.8.8',
silly versions     '0.8.9',
silly versions     '0.9.0',
silly versions     '0.9.1',
silly versions     '0.9.2',
silly versions     '0.9.3',
silly versions     '0.10.0',
silly versions     '0.10.1',
silly versions     '0.10.2',
silly versions     '0.10.3',
silly versions     '0.10.4',
silly versions     '0.10.5',
silly versions     '0.10.6',
silly versions     '0.10.7',
silly versions     '0.11.0',
silly versions     '0.11.1',
silly versions     '0.12.0',
silly versions     '0.12.1',
silly versions     '0.12.2',
silly versions     '0.12.3',
silly versions     '0.12.4',
silly versions     '0.13.0',
silly versions     '0.14.0',
silly versions     '0.14.1',
silly versions     '0.14.2',
silly versions     '0.15.0',
silly versions     '0.15.1',
silly versions     '0.15.2',
silly versions     '0.15.3',
silly versions     '0.15.4',
silly versions     '0.16.0',
silly versions     '0.16.1',
silly versions     '0.16.2',
silly versions     '0.16.3',
silly versions     '0.16.4',
silly versions     '0.17.0',
silly versions     '0.18.0',
silly versions     '0.19.0',
silly versions     '0.20.0',
silly versions     '0.20.1',
silly versions     '0.20.2',
silly versions     '0.20.3',
silly versions     '0.21.0',
silly versions     '0.22.0',
silly versions     '0.22.1',
silly versions     '0.23.0',
silly versions     '0.24.0',
silly versions     '0.25.0',
silly versions     '0.26.0',
silly versions     '0.26.1',
silly versions     '0.26.2',
silly versions     '0.26.3',
silly versions     '0.27.0',
silly versions     '0.27.1',
silly versions     '0.27.2',
silly versions     '0.27.3',
silly versions     '0.27.4',
silly versions     '0.27.5',
silly versions     '0.27.6',
silly versions     '0.27.7',
silly versions     '0.28.0',
silly versions     '0.28.1',
silly versions     '0.28.2',
silly versions     '0.29.0',
silly versions     '0.30.0',
silly versions     '0.31.0',
silly versions     '0.31.1',
silly versions     '0.31.2',
silly versions     '0.32.0',
silly versions     '0.33.0',
silly versions     '0.34.0',
silly versions     '0.34.1',
silly versions     '0.35.0',
silly versions     '1.0.0',
silly versions     '1.0.1',
silly versions     '1.0.2',
silly versions     '1.1.0',
silly versions     '1.1.1',
silly versions     '1.1.2',
silly versions     '1.1.3',
silly versions     '1.1.4',
silly versions     '1.1.5',
silly versions     '1.2.0',
silly versions     '1.3.0',
silly versions     '1.3.1',
silly versions     '1.4.0',
silly versions     '1.4.1',
silly versions     '1.4.2',
silly versions     '1.5.0',
silly versions     '1.6.0',
silly versions     '1.7.0' ] ]
verbose bin dist [ '0.6-ares1.7.5-evundefined-openssl1.0.1-v83.7.12.22-linux-x64-3.8.0-38-generic',
verbose bin dist   { shasum: 'fa0251e9536cd363034ea88f61e99c7e98991524',
verbose bin dist     tarball: 'http://registry.npmjs.org/jade/-/jade-1.7.0.tgz' } ]
verbose addRemoteTarball [ 'http://registry.npmjs.org/jade/-/jade-1.7.0.tgz',
verbose addRemoteTarball   'fa0251e9536cd363034ea88f61e99c7e98991524' ]
verbose mkdir (expected) error ENOENT, no such file or directory '/tmp/npm-1412355864419'
verbose mkdir (expected) error ENOENT, no such file or directory '/tmp/npm-1412355864419/1412355864419-0.7492876991163939'
verbose mkdir done: /tmp/npm-1412355864419/1412355864419-0.7492876991163939 755
verbose fetch to /tmp/npm-1412355864419/1412355864419-0.7492876991163939/tmp.tgz
http GET http://registry.npmjs.org/jade/-/jade-1.7.0.tgz
http 200 http://registry.npmjs.org/jade/-/jade-1.7.0.tgz
silly updated sha bytes 40960
silly updated sha bytes 40960
silly updated sha bytes 40960
silly updated sha bytes 24988
info shasum fa0251e9536cd363034ea88f61e99c7e98991524
info shasum /tmp/npm-1412355864419/1412355864419-0.7492876991163939/tmp.tgz
verbose mkdir (expected) error ENOENT, no such file or directory '/tmp/npm-1412355864419/1412355864419-0.7492876991163939/___package.npm'
verbose mkdir done: /tmp/npm-1412355864419/1412355864419-0.7492876991163939/___package.npm 755
verbose unpack_ uid, gid [ 1000, 1000 ]
verbose unpackTarget /tmp/npm-1412355864419/1412355864419-0.7492876991163939/package
silly gunzTarPerm modes [ '755', '644' ]
silly afterUntar ok
silly asyncMap in gTP /tmp/npm-1412355864419/1412355864419-0.7492876991163939/___package.npm/package
silly asyncMap in gTP /tmp/npm-1412355864419/1412355864419-0.7492876991163939/___package.npm/package/release.js
silly asyncMap in gTP /tmp/npm-1412355864419/1412355864419-0.7492876991163939/___package.npm/package/package.json
silly asyncMap in gTP /tmp/npm-1412355864419/1412355864419-0.7492876991163939/___package.npm/package/.release.json
silly asyncMap in gTP /tmp/npm-1412355864419/1412355864419-0.7492876991163939/___package.npm/package/component.json
silly asyncMap in gTP /tmp/npm-1412355864419/1412355864419-0.7492876991163939/___package.npm/package/index.js
silly asyncMap in gTP /tmp/npm-1412355864419/1412355864419-0.7492876991163939/___package.npm/package/README.md
silly asyncMap in gTP /tmp/npm-1412355864419/1412355864419-0.7492876991163939/___package.npm/package/Readme_zh-cn.md
silly asyncMap in gTP /tmp/npm-1412355864419/1412355864419-0.7492876991163939/___package.npm/package/.npmignore
silly asyncMap in gTP /tmp/npm-1412355864419/1412355864419-0.7492876991163939/___package.npm/package/runtime.js
silly asyncMap in gTP /tmp/npm-1412355864419/1412355864419-0.7492876991163939/___package.npm/package/LICENSE
silly asyncMap in gTP /tmp/npm-1412355864419/1412355864419-0.7492876991163939/___package.npm/package/jade.js
silly asyncMap in gTP /tmp/npm-1412355864419/1412355864419-0.7492876991163939/___package.npm/package/bin
silly asyncMap in gTP /tmp/npm-1412355864419/1412355864419-0.7492876991163939/___package.npm/package/bin/jade.js
silly asyncMap in gTP /tmp/npm-1412355864419/1412355864419-0.7492876991163939/___package.npm/package/lib
silly asyncMap in gTP /tmp/npm-1412355864419/1412355864419-0.7492876991163939/___package.npm/package/lib/parser.js
silly asyncMap in gTP /tmp/npm-1412355864419/1412355864419-0.7492876991163939/___package.npm/package/lib/filters-client.js
silly asyncMap in gTP /tmp/npm-1412355864419/1412355864419-0.7492876991163939/___package.npm/package/lib/doctypes.js
silly asyncMap in gTP /tmp/npm-1412355864419/1412355864419-0.7492876991163939/___package.npm/package/lib/compiler.js
silly asyncMap in gTP /tmp/npm-1412355864419/1412355864419-0.7492876991163939/___package.npm/package/lib/inline-tags.js
silly asyncMap in gTP /tmp/npm-1412355864419/1412355864419-0.7492876991163939/___package.npm/package/lib/filters.js
silly asyncMap in gTP /tmp/npm-1412355864419/1412355864419-0.7492876991163939/___package.npm/package/lib/utils.js
silly asyncMap in gTP /tmp/npm-1412355864419/1412355864419-0.7492876991163939/___package.npm/package/lib/lexer.js
silly asyncMap in gTP /tmp/npm-1412355864419/1412355864419-0.7492876991163939/___package.npm/package/lib/index.js
silly asyncMap in gTP /tmp/npm-1412355864419/1412355864419-0.7492876991163939/___package.npm/package/lib/runtime.js
silly asyncMap in gTP /tmp/npm-1412355864419/1412355864419-0.7492876991163939/___package.npm/package/lib/jade.js
silly asyncMap in gTP /tmp/npm-1412355864419/1412355864419-0.7492876991163939/___package.npm/package/lib/nodes
silly asyncMap in gTP /tmp/npm-1412355864419/1412355864419-0.7492876991163939/___package.npm/package/lib/nodes/tag.js
silly asyncMap in gTP /tmp/npm-1412355864419/1412355864419-0.7492876991163939/___package.npm/package/lib/nodes/code.js
silly asyncMap in gTP /tmp/npm-1412355864419/1412355864419-0.7492876991163939/___package.npm/package/lib/nodes/block-comment.js
silly asyncMap in gTP /tmp/npm-1412355864419/1412355864419-0.7492876991163939/___package.npm/package/lib/nodes/node.js
silly asyncMap in gTP /tmp/npm-1412355864419/1412355864419-0.7492876991163939/___package.npm/package/lib/nodes/text.js
silly asyncMap in gTP /tmp/npm-1412355864419/1412355864419-0.7492876991163939/___package.npm/package/lib/nodes/block.js
silly asyncMap in gTP /tmp/npm-1412355864419/1412355864419-0.7492876991163939/___package.npm/package/lib/nodes/index.js
silly asyncMap in gTP /tmp/npm-1412355864419/1412355864419-0.7492876991163939/___package.npm/package/lib/nodes/doctype.js
silly asyncMap in gTP /tmp/npm-1412355864419/1412355864419-0.7492876991163939/___package.npm/package/lib/nodes/filter.js
silly asyncMap in gTP /tmp/npm-1412355864419/1412355864419-0.7492876991163939/___package.npm/package/lib/nodes/literal.js
silly asyncMap in gTP /tmp/npm-1412355864419/1412355864419-0.7492876991163939/___package.npm/package/lib/nodes/mixin.js
silly asyncMap in gTP /tmp/npm-1412355864419/1412355864419-0.7492876991163939/___package.npm/package/lib/nodes/attrs.js
silly asyncMap in gTP /tmp/npm-1412355864419/1412355864419-0.7492876991163939/___package.npm/package/lib/nodes/case.js
silly asyncMap in gTP /tmp/npm-1412355864419/1412355864419-0.7492876991163939/___package.npm/package/lib/nodes/comment.js
silly asyncMap in gTP /tmp/npm-1412355864419/1412355864419-0.7492876991163939/___package.npm/package/lib/nodes/each.js
silly asyncMap in gTP /tmp/npm-1412355864419/1412355864419-0.7492876991163939/___package.npm/package/lib/nodes/mixin-block.js
silly chmod release.js 644
silly chmod package.json 644
silly chmod .release.json 644
silly chmod component.json 644
silly chmod index.js 644
silly chmod README.md 644
silly chmod Readme_zh-cn.md 644
silly chmod .npmignore 644
silly chmod runtime.js 644
silly chmod LICENSE 644
silly chmod jade.js 644
silly chmod jade.js 644
silly chmod parser.js 644
silly chmod filters-client.js 644
silly chmod doctypes.js 644
silly chmod compiler.js 644
silly chmod inline-tags.js 644
silly chmod filters.js 644
silly chmod utils.js 644
silly chmod lexer.js 644
silly chmod index.js 644
silly chmod runtime.js 644
silly chmod jade.js 644
silly chmod tag.js 644
silly chmod code.js 644
silly chmod block-comment.js 644
silly chmod node.js 644
silly chmod text.js 644
silly chmod block.js 644
silly chmod index.js 644
silly chmod doctype.js 644
silly chmod filter.js 644
silly chmod literal.js 644
silly chmod mixin.js 644
silly chmod attrs.js 644
silly chmod case.js 644
silly chmod comment.js 644
silly chmod each.js 644
silly chmod mixin-block.js 644
verbose gunzed /tmp/npm-1412355864419/1412355864419-0.7492876991163939/___package.npm/package
verbose rm'ed /tmp/npm-1412355864419/1412355864419-0.7492876991163939/package
verbose renamed [ '/tmp/npm-1412355864419/1412355864419-0.7492876991163939/___package.npm/package',
verbose renamed   '/tmp/npm-1412355864419/1412355864419-0.7492876991163939/package' ]
verbose caching /tmp/npm-1412355864419/1412355864419-0.7492876991163939/package/package.json
verbose loadDefaults jade@1.7.0
verbose tarball contents [ 'tmp.tgz', 'package' ]
verbose from cache /tmp/npm-1412355864419/1412355864419-0.7492876991163939/package/package.json
verbose pack /tmp/npm-1412355864419/1412355864419-0.7492876991163939/package
verbose pack /tmp/npm-1412355864419/1412355864419-0.7492876991163939/package /home/sameer/.npm/jade/1.7.0/package.tgz
silly makeList /tmp/npm-1412355864419/1412355864419-0.7492876991163939/package
silly dir, dirLen [ '/tmp/npm-1412355864419/1412355864419-0.7492876991163939/package',
silly dir, dirLen   64 ]
verbose tarball /home/sameer/.npm/jade/1.7.0/package.tgz
verbose parent /tmp/npm-1412355864419/1412355864419-0.7492876991163939/package
verbose mkdir (expected) error ENOENT, no such file or directory '/home/sameer/.npm/jade/1.7.0/___package.npm'
verbose mkdir done: /home/sameer/.npm/jade/1.7.0/___package.npm 755
verbose unpack_ uid, gid [ 1000, 1000 ]
verbose unpackTarget /home/sameer/.npm/jade/1.7.0/package
silly gunzTarPerm modes [ '755', '644' ]
silly afterUntar ok
silly asyncMap in gTP /home/sameer/.npm/jade/1.7.0/___package.npm/package
silly asyncMap in gTP /home/sameer/.npm/jade/1.7.0/___package.npm/package/release.js
silly asyncMap in gTP /home/sameer/.npm/jade/1.7.0/___package.npm/package/package.json
silly asyncMap in gTP /home/sameer/.npm/jade/1.7.0/___package.npm/package/.release.json
silly asyncMap in gTP /home/sameer/.npm/jade/1.7.0/___package.npm/package/component.json
silly asyncMap in gTP /home/sameer/.npm/jade/1.7.0/___package.npm/package/index.js
silly asyncMap in gTP /home/sameer/.npm/jade/1.7.0/___package.npm/package/README.md
silly asyncMap in gTP /home/sameer/.npm/jade/1.7.0/___package.npm/package/Readme_zh-cn.md
silly asyncMap in gTP /home/sameer/.npm/jade/1.7.0/___package.npm/package/.npmignore
silly asyncMap in gTP /home/sameer/.npm/jade/1.7.0/___package.npm/package/runtime.js
silly asyncMap in gTP /home/sameer/.npm/jade/1.7.0/___package.npm/package/LICENSE
silly asyncMap in gTP /home/sameer/.npm/jade/1.7.0/___package.npm/package/jade.js
silly asyncMap in gTP /home/sameer/.npm/jade/1.7.0/___package.npm/package/bin
silly asyncMap in gTP /home/sameer/.npm/jade/1.7.0/___package.npm/package/bin/jade.js
silly asyncMap in gTP /home/sameer/.npm/jade/1.7.0/___package.npm/package/lib
silly asyncMap in gTP /home/sameer/.npm/jade/1.7.0/___package.npm/package/lib/parser.js
silly asyncMap in gTP /home/sameer/.npm/jade/1.7.0/___package.npm/package/lib/filters-client.js
silly asyncMap in gTP /home/sameer/.npm/jade/1.7.0/___package.npm/package/lib/doctypes.js
silly asyncMap in gTP /home/sameer/.npm/jade/1.7.0/___package.npm/package/lib/compiler.js
silly asyncMap in gTP /home/sameer/.npm/jade/1.7.0/___package.npm/package/lib/inline-tags.js
silly asyncMap in gTP /home/sameer/.npm/jade/1.7.0/___package.npm/package/lib/filters.js
silly asyncMap in gTP /home/sameer/.npm/jade/1.7.0/___package.npm/package/lib/utils.js
silly asyncMap in gTP /home/sameer/.npm/jade/1.7.0/___package.npm/package/lib/lexer.js
silly asyncMap in gTP /home/sameer/.npm/jade/1.7.0/___package.npm/package/lib/index.js
silly asyncMap in gTP /home/sameer/.npm/jade/1.7.0/___package.npm/package/lib/runtime.js
silly asyncMap in gTP /home/sameer/.npm/jade/1.7.0/___package.npm/package/lib/jade.js
silly asyncMap in gTP /home/sameer/.npm/jade/1.7.0/___package.npm/package/lib/nodes
silly asyncMap in gTP /home/sameer/.npm/jade/1.7.0/___package.npm/package/lib/nodes/tag.js
silly asyncMap in gTP /home/sameer/.npm/jade/1.7.0/___package.npm/package/lib/nodes/code.js
silly asyncMap in gTP /home/sameer/.npm/jade/1.7.0/___package.npm/package/lib/nodes/block-comment.js
silly asyncMap in gTP /home/sameer/.npm/jade/1.7.0/___package.npm/package/lib/nodes/node.js
silly asyncMap in gTP /home/sameer/.npm/jade/1.7.0/___package.npm/package/lib/nodes/text.js
silly asyncMap in gTP /home/sameer/.npm/jade/1.7.0/___package.npm/package/lib/nodes/block.js
silly asyncMap in gTP /home/sameer/.npm/jade/1.7.0/___package.npm/package/lib/nodes/index.js
silly asyncMap in gTP /home/sameer/.npm/jade/1.7.0/___package.npm/package/lib/nodes/doctype.js
silly asyncMap in gTP /home/sameer/.npm/jade/1.7.0/___package.npm/package/lib/nodes/filter.js
silly asyncMap in gTP /home/sameer/.npm/jade/1.7.0/___package.npm/package/lib/nodes/literal.js
silly asyncMap in gTP /home/sameer/.npm/jade/1.7.0/___package.npm/package/lib/nodes/mixin.js
silly asyncMap in gTP /home/sameer/.npm/jade/1.7.0/___package.npm/package/lib/nodes/attrs.js
silly asyncMap in gTP /home/sameer/.npm/jade/1.7.0/___package.npm/package/lib/nodes/case.js
silly asyncMap in gTP /home/sameer/.npm/jade/1.7.0/___package.npm/package/lib/nodes/comment.js
silly asyncMap in gTP /home/sameer/.npm/jade/1.7.0/___package.npm/package/lib/nodes/each.js
silly asyncMap in gTP /home/sameer/.npm/jade/1.7.0/___package.npm/package/lib/nodes/mixin-block.js
verbose gunzed /home/sameer/.npm/jade/1.7.0/___package.npm/package
verbose rm'ed /home/sameer/.npm/jade/1.7.0/package
verbose renamed [ '/home/sameer/.npm/jade/1.7.0/___package.npm/package',
verbose renamed   '/home/sameer/.npm/jade/1.7.0/package' ]
verbose caching /home/sameer/.npm/jade/1.7.0/package/package.json
verbose loadDefaults jade@1.7.0
silly updated sha bytes 40960
silly updated sha bytes 40960
silly updated sha bytes 40960
silly updated sha bytes 24359
info shasum 24367018d898248fe5298ab3ab6f15935569770a
info shasum /home/sameer/.npm/jade/1.7.0/package.tgz
verbose from cache /home/sameer/.npm/jade/1.7.0/package/package.json
verbose chmod /home/sameer/.npm/jade/1.7.0/package.tgz 644
verbose chown [ '/home/sameer/.npm/jade/1.7.0/package.tgz', 1000, 1000 ]
silly resolved [ { name: 'jade',
silly resolved     description: 'Jade template engine',
silly resolved     version: '1.7.0',
silly resolved     author: { name: 'TJ Holowaychuk', email: 'tj@vision-media.ca' },
silly resolved     maintainers: 
silly resolved      [ { name: 'forbeslindesay', email: 'forbes@lindesay.co.uk' },
silly resolved        { name: 'bloodyowl' },
silly resolved        { name: 'jbnicolai', email: 'joshua@jbna.nl' } ],
silly resolved     license: 'MIT',
silly resolved     repository: { type: 'git', url: 'git://github.com/visionmedia/jade.git' },
silly resolved     main: './index.js',
silly resolved     bin: { jade: './bin/jade.js' },
silly resolved     dependencies: 
silly resolved      { 'character-parser': '1.2.0',
silly resolved        commander: '2.1.0',
silly resolved        constantinople: '~2.0.0',
silly resolved        mkdirp: '~0.5.0',
silly resolved        monocle: '1.1.51',
silly resolved        transformers: '2.1.0',
silly resolved        'void-elements': '~1.0.0',
silly resolved        with: '~3.0.0' },
silly resolved     devDependencies: 
silly resolved      { 'coffee-script': '*',
silly resolved        mocha: '*',
silly resolved        istanbul: '*',
silly resolved        markdown: '*',
silly resolved        stylus: '*',
silly resolved        should: '*',
silly resolved        less: '*',
silly resolved        'uglify-js': '*',
silly resolved        browserify: '*',
silly resolved        linify: '*',
silly resolved        'less-file': '0.0.8',
silly resolved        express: '~3.4.8',
silly resolved        'browserify-middleware': '~2.4.0',
silly resolved        twbs: '0.0.6',
silly resolved        'highlight-codemirror': '~3.20.0',
silly resolved        inconsolata: '0.0.2',
silly resolved        'jade-code-mirror': '~1.0.5',
silly resolved        'code-mirror': '~3.22.0',
silly resolved        handle: '~1.0.0',
silly resolved        'jade-highlighter': '~1.0.5',
silly resolved        marked: '~0.3.2',
silly resolved        stop: '^3.0.0-rc1',
silly resolved        opener: '^1.3.0',
silly resolved        'github-basic': '^3.0.0',
silly resolved        'pull-request': '^3.0.0',
silly resolved        lsr: '^1.0.0',
silly resolved        rimraf: '^2.2.8' },
silly resolved     component: { scripts: { jade: 'runtime.js' } },
silly resolved     scripts: 
silly resolved      { test: 'mocha -R spec && npm run coverage',
silly resolved        coverage: 'istanbul cover node_modules/mocha/bin/_mocha',
silly resolved        prepublish: 'npm prune && linify transform bin && npm run build',
silly resolved        build: 'npm run compile',
silly resolved        compile: 'npm run compile-full && npm run compile-runtime',
silly resolved        'compile-full': 'browserify ./lib/jade.js --standalone jade -x ./node_modules/transformers > jade.js',
silly resolved        'compile-runtime': 'browserify ./lib/runtime.js --standalone jade > runtime.js' },
silly resolved     browser: { './lib/filters.js': './lib/filters-client.js' },
silly resolved     _id: 'jade@1.7.0',
silly resolved     optionalDependencies: {},
silly resolved     engines: { node: '*' },
silly resolved     _engineSupported: true,
silly resolved     _npmVersion: '1.1.4',
silly resolved     _nodeVersion: 'v0.6.12',
silly resolved     _defaultsLoaded: true,
silly resolved     dist: { shasum: '24367018d898248fe5298ab3ab6f15935569770a' },
silly resolved     _from: 'jade' } ]
info into /home/sameer/NodeJSChatClient jade@1.7.0
info installOne jade@1.7.0
verbose from cache /home/sameer/.npm/jade/1.7.0/package/package.json
info unbuild /home/sameer/NodeJSChatClient/node_modules/jade
verbose mkdir (expected) error ENOENT, no such file or directory '/home/sameer/NodeJSChatClient/node_modules/___jade.npm'
verbose mkdir done: /home/sameer/NodeJSChatClient/node_modules/___jade.npm 755
verbose unpack_ uid, gid [ 1000, 1000 ]
verbose unpackTarget /home/sameer/NodeJSChatClient/node_modules/jade
silly gunzTarPerm modes [ '755', '644' ]
silly afterUntar ok
silly asyncMap in gTP /home/sameer/NodeJSChatClient/node_modules/___jade.npm/package
silly asyncMap in gTP /home/sameer/NodeJSChatClient/node_modules/___jade.npm/package/release.js
silly asyncMap in gTP /home/sameer/NodeJSChatClient/node_modules/___jade.npm/package/package.json
silly asyncMap in gTP /home/sameer/NodeJSChatClient/node_modules/___jade.npm/package/.release.json
silly asyncMap in gTP /home/sameer/NodeJSChatClient/node_modules/___jade.npm/package/component.json
silly asyncMap in gTP /home/sameer/NodeJSChatClient/node_modules/___jade.npm/package/index.js
silly asyncMap in gTP /home/sameer/NodeJSChatClient/node_modules/___jade.npm/package/README.md
silly asyncMap in gTP /home/sameer/NodeJSChatClient/node_modules/___jade.npm/package/Readme_zh-cn.md
silly asyncMap in gTP /home/sameer/NodeJSChatClient/node_modules/___jade.npm/package/.npmignore
silly asyncMap in gTP /home/sameer/NodeJSChatClient/node_modules/___jade.npm/package/runtime.js
silly asyncMap in gTP /home/sameer/NodeJSChatClient/node_modules/___jade.npm/package/LICENSE
silly asyncMap in gTP /home/sameer/NodeJSChatClient/node_modules/___jade.npm/package/jade.js
silly asyncMap in gTP /home/sameer/NodeJSChatClient/node_modules/___jade.npm/package/bin
silly asyncMap in gTP /home/sameer/NodeJSChatClient/node_modules/___jade.npm/package/bin/jade.js
silly asyncMap in gTP /home/sameer/NodeJSChatClient/node_modules/___jade.npm/package/lib
silly asyncMap in gTP /home/sameer/NodeJSChatClient/node_modules/___jade.npm/package/lib/parser.js
silly asyncMap in gTP /home/sameer/NodeJSChatClient/node_modules/___jade.npm/package/lib/filters-client.js
silly asyncMap in gTP /home/sameer/NodeJSChatClient/node_modules/___jade.npm/package/lib/doctypes.js
silly asyncMap in gTP /home/sameer/NodeJSChatClient/node_modules/___jade.npm/package/lib/compiler.js
silly asyncMap in gTP /home/sameer/NodeJSChatClient/node_modules/___jade.npm/package/lib/inline-tags.js
silly asyncMap in gTP /home/sameer/NodeJSChatClient/node_modules/___jade.npm/package/lib/filters.js
silly asyncMap in gTP /home/sameer/NodeJSChatClient/node_modules/___jade.npm/package/lib/utils.js
silly asyncMap in gTP /home/sameer/NodeJSChatClient/node_modules/___jade.npm/package/lib/lexer.js
silly asyncMap in gTP /home/sameer/NodeJSChatClient/node_modules/___jade.npm/package/lib/index.js
silly asyncMap in gTP /home/sameer/NodeJSChatClient/node_modules/___jade.npm/package/lib/runtime.js
silly asyncMap in gTP /home/sameer/NodeJSChatClient/node_modules/___jade.npm/package/lib/jade.js
silly asyncMap in gTP /home/sameer/NodeJSChatClient/node_modules/___jade.npm/package/lib/nodes
silly asyncMap in gTP /home/sameer/NodeJSChatClient/node_modules/___jade.npm/package/lib/nodes/tag.js
silly asyncMap in gTP /home/sameer/NodeJSChatClient/node_modules/___jade.npm/package/lib/nodes/code.js
silly asyncMap in gTP /home/sameer/NodeJSChatClient/node_modules/___jade.npm/package/lib/nodes/block-comment.js
silly asyncMap in gTP /home/sameer/NodeJSChatClient/node_modules/___jade.npm/package/lib/nodes/node.js
silly asyncMap in gTP /home/sameer/NodeJSChatClient/node_modules/___jade.npm/package/lib/nodes/text.js
silly asyncMap in gTP /home/sameer/NodeJSChatClient/node_modules/___jade.npm/package/lib/nodes/block.js
silly asyncMap in gTP /home/sameer/NodeJSChatClient/node_modules/___jade.npm/package/lib/nodes/index.js
silly asyncMap in gTP /home/sameer/NodeJSChatClient/node_modules/___jade.npm/package/lib/nodes/doctype.js
silly asyncMap in gTP /home/sameer/NodeJSChatClient/node_modules/___jade.npm/package/lib/nodes/filter.js
silly asyncMap in gTP /home/sameer/NodeJSChatClient/node_modules/___jade.npm/package/lib/nodes/literal.js
silly asyncMap in gTP /home/sameer/NodeJSChatClient/node_modules/___jade.npm/package/lib/nodes/mixin.js
silly asyncMap in gTP /home/sameer/NodeJSChatClient/node_modules/___jade.npm/package/lib/nodes/attrs.js
silly asyncMap in gTP /home/sameer/NodeJSChatClient/node_modules/___jade.npm/package/lib/nodes/case.js
silly asyncMap in gTP /home/sameer/NodeJSChatClient/node_modules/___jade.npm/package/lib/nodes/comment.js
silly asyncMap in gTP /home/sameer/NodeJSChatClient/node_modules/___jade.npm/package/lib/nodes/mixin-block.js
silly asyncMap in gTP /home/sameer/NodeJSChatClient/node_modules/___jade.npm/package/lib/nodes/each.js
verbose gunzed /home/sameer/NodeJSChatClient/node_modules/___jade.npm/package
verbose rm'ed /home/sameer/NodeJSChatClient/node_modules/jade
verbose renamed [ '/home/sameer/NodeJSChatClient/node_modules/___jade.npm/package',
verbose renamed   '/home/sameer/NodeJSChatClient/node_modules/jade' ]
verbose caching /home/sameer/NodeJSChatClient/node_modules/jade/package.json
verbose loadDefaults jade@1.7.0
info preinstall jade@1.7.0
verbose from cache /home/sameer/NodeJSChatClient/node_modules/jade/package.json
verbose readDependencies: using package.json deps
verbose from cache /home/sameer/NodeJSChatClient/node_modules/jade/package.json
verbose readDependencies: using package.json deps
verbose cache add [ 'character-parser@1.2.0', null ]
silly cache add: name, spec, args [ undefined,
silly cache add: name, spec, args   'character-parser@1.2.0',
silly cache add: name, spec, args   [ 'character-parser@1.2.0', null ] ]
verbose parsed url { pathname: 'character-parser@1.2.0',
verbose parsed url   path: 'character-parser@1.2.0',
verbose parsed url   href: 'character-parser@1.2.0' }
silly cache add: name, spec, args [ 'character-parser', '1.2.0', [ 'character-parser', '1.2.0' ] ]
verbose parsed url { pathname: '1.2.0', path: '1.2.0', href: '1.2.0' }
verbose addNamed [ 'character-parser', '1.2.0' ]
verbose addNamed [ '1.2.0', '1.2.0' ]
verbose raw, before any munging character-parser/1.2.0
verbose url resolving [ 'http://registry.npmjs.org/', './character-parser/1.2.0' ]
verbose url resolved http://registry.npmjs.org/character-parser/1.2.0
http GET http://registry.npmjs.org/character-parser/1.2.0
verbose cache add [ 'commander@2.1.0', null ]
silly cache add: name, spec, args [ undefined, 'commander@2.1.0', [ 'commander@2.1.0', null ] ]
verbose parsed url { pathname: 'commander@2.1.0',
verbose parsed url   path: 'commander@2.1.0',
verbose parsed url   href: 'commander@2.1.0' }
silly cache add: name, spec, args [ 'commander', '2.1.0', [ 'commander', '2.1.0' ] ]
verbose parsed url { pathname: '2.1.0', path: '2.1.0', href: '2.1.0' }
verbose addNamed [ 'commander', '2.1.0' ]
verbose addNamed [ '2.1.0', '2.1.0' ]
verbose cache add [ 'constantinople@~2.0.0', null ]
silly cache add: name, spec, args [ undefined,
silly cache add: name, spec, args   'constantinople@~2.0.0',
silly cache add: name, spec, args   [ 'constantinople@~2.0.0', null ] ]
verbose parsed url { pathname: 'constantinople@~2.0.0',
verbose parsed url   path: 'constantinople@~2.0.0',
verbose parsed url   href: 'constantinople@~2.0.0' }
silly cache add: name, spec, args [ 'constantinople', '~2.0.0', [ 'constantinople', '~2.0.0' ] ]
verbose parsed url { pathname: '~2.0.0', path: '~2.0.0', href: '~2.0.0' }
verbose addNamed [ 'constantinople', '~2.0.0' ]
verbose addNamed [ null, '>=2.0.0- <2.1.0-' ]
silly name, range, hasData [ 'constantinople', '>=2.0.0- <2.1.0-', false ]
verbose raw, before any munging commander/2.1.0
verbose url resolving [ 'http://registry.npmjs.org/', './commander/2.1.0' ]
verbose url resolved http://registry.npmjs.org/commander/2.1.0
http GET http://registry.npmjs.org/commander/2.1.0
verbose raw, before any munging constantinople
verbose url resolving [ 'http://registry.npmjs.org/', './constantinople' ]
verbose url resolved http://registry.npmjs.org/constantinople
http GET http://registry.npmjs.org/constantinople
verbose cache add [ 'mkdirp@~0.5.0', null ]
silly cache add: name, spec, args [ undefined, 'mkdirp@~0.5.0', [ 'mkdirp@~0.5.0', null ] ]
verbose parsed url { pathname: 'mkdirp@~0.5.0',
verbose parsed url   path: 'mkdirp@~0.5.0',
verbose parsed url   href: 'mkdirp@~0.5.0' }
silly cache add: name, spec, args [ 'mkdirp', '~0.5.0', [ 'mkdirp', '~0.5.0' ] ]
verbose parsed url { pathname: '~0.5.0', path: '~0.5.0', href: '~0.5.0' }
verbose addNamed [ 'mkdirp', '~0.5.0' ]
verbose addNamed [ null, '>=0.5.0- <0.6.0-' ]
silly name, range, hasData [ 'mkdirp', '>=0.5.0- <0.6.0-', false ]
verbose cache add [ 'monocle@1.1.51', null ]
silly cache add: name, spec, args [ undefined, 'monocle@1.1.51', [ 'monocle@1.1.51', null ] ]
verbose parsed url { pathname: 'monocle@1.1.51',
verbose parsed url   path: 'monocle@1.1.51',
verbose parsed url   href: 'monocle@1.1.51' }
silly cache add: name, spec, args [ 'monocle', '1.1.51', [ 'monocle', '1.1.51' ] ]
verbose parsed url { pathname: '1.1.51', path: '1.1.51', href: '1.1.51' }
verbose addNamed [ 'monocle', '1.1.51' ]
verbose addNamed [ '1.1.51', '1.1.51' ]
verbose raw, before any munging mkdirp
verbose url resolving [ 'http://registry.npmjs.org/', './mkdirp' ]
verbose url resolved http://registry.npmjs.org/mkdirp
http GET http://registry.npmjs.org/mkdirp
verbose raw, before any munging monocle/1.1.51
verbose url resolving [ 'http://registry.npmjs.org/', './monocle/1.1.51' ]
verbose url resolved http://registry.npmjs.org/monocle/1.1.51
http GET http://registry.npmjs.org/monocle/1.1.51
verbose cache add [ 'transformers@2.1.0', null ]
silly cache add: name, spec, args [ undefined,
silly cache add: name, spec, args   'transformers@2.1.0',
silly cache add: name, spec, args   [ 'transformers@2.1.0', null ] ]
verbose parsed url { pathname: 'transformers@2.1.0',
verbose parsed url   path: 'transformers@2.1.0',
verbose parsed url   href: 'transformers@2.1.0' }
silly cache add: name, spec, args [ 'transformers', '2.1.0', [ 'transformers', '2.1.0' ] ]
verbose parsed url { pathname: '2.1.0', path: '2.1.0', href: '2.1.0' }
verbose addNamed [ 'transformers', '2.1.0' ]
verbose addNamed [ '2.1.0', '2.1.0' ]
verbose cache add [ 'void-elements@~1.0.0', null ]
silly cache add: name, spec, args [ undefined,
silly cache add: name, spec, args   'void-elements@~1.0.0',
silly cache add: name, spec, args   [ 'void-elements@~1.0.0', null ] ]
verbose parsed url { pathname: 'void-elements@~1.0.0',
verbose parsed url   path: 'void-elements@~1.0.0',
verbose parsed url   href: 'void-elements@~1.0.0' }
silly cache add: name, spec, args [ 'void-elements', '~1.0.0', [ 'void-elements', '~1.0.0' ] ]
verbose parsed url { pathname: '~1.0.0', path: '~1.0.0', href: '~1.0.0' }
verbose addNamed [ 'void-elements', '~1.0.0' ]
verbose addNamed [ null, '>=1.0.0- <1.1.0-' ]
silly name, range, hasData [ 'void-elements', '>=1.0.0- <1.1.0-', false ]
verbose cache add [ 'with@~3.0.0', null ]
silly cache add: name, spec, args [ undefined, 'with@~3.0.0', [ 'with@~3.0.0', null ] ]
verbose parsed url { pathname: 'with@~3.0.0',
verbose parsed url   path: 'with@~3.0.0',
verbose parsed url   href: 'with@~3.0.0' }
silly cache add: name, spec, args [ 'with', '~3.0.0', [ 'with', '~3.0.0' ] ]
verbose parsed url { pathname: '~3.0.0', path: '~3.0.0', href: '~3.0.0' }
verbose addNamed [ 'with', '~3.0.0' ]
verbose addNamed [ null, '>=3.0.0- <3.1.0-' ]
silly name, range, hasData [ 'with', '>=3.0.0- <3.1.0-', false ]
verbose raw, before any munging transformers/2.1.0
verbose url resolving [ 'http://registry.npmjs.org/', './transformers/2.1.0' ]
verbose url resolved http://registry.npmjs.org/transformers/2.1.0
http GET http://registry.npmjs.org/transformers/2.1.0
verbose raw, before any munging void-elements
verbose url resolving [ 'http://registry.npmjs.org/', './void-elements' ]
verbose url resolved http://registry.npmjs.org/void-elements
http GET http://registry.npmjs.org/void-elements
verbose raw, before any munging with
verbose url resolving [ 'http://registry.npmjs.org/', './with' ]
verbose url resolved http://registry.npmjs.org/with
http GET http://registry.npmjs.org/with
http 200 http://registry.npmjs.org/constantinople
silly get cb [ 200,
silly get cb   { server: 'CouchDB/1.5.0 (Erlang OTP/R16B03)',
silly get cb     etag: '"6T1QSYFENKKSBKIQ32NM2NZYM"',
silly get cb     'content-type': 'application/json',
silly get cb     'cache-control': 'max-age=60',
silly get cb     'content-length': '9595',
silly get cb     'accept-ranges': 'bytes',
silly get cb     date: 'Fri, 03 Oct 2014 17:04:25 GMT',
silly get cb     via: '1.1 varnish',
silly get cb     age: '1307',
silly get cb     connection: 'keep-alive',
silly get cb     'x-served-by': 'cache-dfw1825-DFW',
silly get cb     'x-cache': 'HIT',
silly get cb     'x-cache-hits': '1',
silly get cb     'x-timer': 'S1412355865.835310,VS0,VE0',
silly get cb     vary: 'Accept' } ]
verbose mkdir (expected) error ENOENT, no such file or directory '/home/sameer/.npm/constantinople'
verbose mkdir done: /home/sameer/.npm/constantinople 755
silly name, range, hasData 2 [ 'constantinople', '>=2.0.0- <2.1.0-', true ]
silly versions [ 'constantinople',
silly versions   [ '1.0.0', '1.0.1', '1.0.2', '2.0.0', '2.0.1', '3.0.0', '3.0.1' ] ]
verbose bin dist [ '0.6-ares1.7.5-evundefined-openssl1.0.1-v83.7.12.22-linux-x64-3.8.0-38-generic',
verbose bin dist   { shasum: '5829f856f301a9bdb107d935f77d8eb8ccec4c79',
verbose bin dist     tarball: 'http://registry.npmjs.org/constantinople/-/constantinople-2.0.1.tgz' } ]
verbose addRemoteTarball [ 'http://registry.npmjs.org/constantinople/-/constantinople-2.0.1.tgz',
verbose addRemoteTarball   '5829f856f301a9bdb107d935f77d8eb8ccec4c79' ]
verbose mkdir (expected) error ENOENT, no such file or directory '/tmp/npm-1412355864419/1412355866076-0.44512010482139885'
verbose mkdir done: /tmp/npm-1412355864419/1412355866076-0.44512010482139885 755
verbose fetch to /tmp/npm-1412355864419/1412355866076-0.44512010482139885/tmp.tgz
http GET http://registry.npmjs.org/constantinople/-/constantinople-2.0.1.tgz
http 200 http://registry.npmjs.org/character-parser/1.2.0
silly get cb [ 200,
silly get cb   { server: 'CouchDB/1.5.0 (Erlang OTP/R16B03)',
silly get cb     etag: '"5SV98JYF3I28YQHQI23EG7XAK"',
silly get cb     'content-type': 'application/json',
silly get cb     'cache-control': 'max-age=60',
silly get cb     'content-length': '1054',
silly get cb     'accept-ranges': 'bytes',
silly get cb     date: 'Fri, 03 Oct 2014 17:04:25 GMT',
silly get cb     via: '1.1 varnish',
silly get cb     age: '1207',
silly get cb     connection: 'keep-alive',
silly get cb     'x-served-by': 'cache-dfw1829-DFW',
silly get cb     'x-cache': 'HIT',
silly get cb     'x-cache-hits': '1',
silly get cb     'x-timer': 'S1412355865.834056,VS0,VE61',
silly get cb     vary: 'Accept' } ]
verbose mkdir (expected) error ENOENT, no such file or directory '/home/sameer/.npm/character-parser'
verbose mkdir (expected) error ENOENT, no such file or directory '/home/sameer/.npm/character-parser/1.2.0'
verbose mkdir done: /home/sameer/.npm/character-parser/1.2.0 755
verbose bin dist [ '0.6-ares1.7.5-evundefined-openssl1.0.1-v83.7.12.22-linux-x64-3.8.0-38-generic',
verbose bin dist   { shasum: '94134d6e5d870a39be359f7d22460935184ddef6',
verbose bin dist     tarball: 'http://registry.npmjs.org/character-parser/-/character-parser-1.2.0.tgz' } ]
verbose addRemoteTarball [ 'http://registry.npmjs.org/character-parser/-/character-parser-1.2.0.tgz',
verbose addRemoteTarball   '94134d6e5d870a39be359f7d22460935184ddef6' ]
verbose mkdir (expected) error ENOENT, no such file or directory '/tmp/npm-1412355864419/1412355866140-0.4179861405864358'
verbose mkdir done: /tmp/npm-1412355864419/1412355866140-0.4179861405864358 755
verbose fetch to /tmp/npm-1412355864419/1412355866140-0.4179861405864358/tmp.tgz
http GET http://registry.npmjs.org/character-parser/-/character-parser-1.2.0.tgz
http 200 http://registry.npmjs.org/mkdirp
silly get cb [ 200,
silly get cb   { server: 'CouchDB/1.5.0 (Erlang OTP/R16B03)',
silly get cb     etag: '"C5K6Z3N1TR1E91DOOPOUICJ8B"',
silly get cb     'content-type': 'application/json',
silly get cb     'cache-control': 'max-age=60',
silly get cb     'content-length': '21574',
silly get cb     'accept-ranges': 'bytes',
silly get cb     date: 'Fri, 03 Oct 2014 17:04:25 GMT',
silly get cb     via: '1.1 varnish',
silly get cb     age: '146',
silly get cb     connection: 'keep-alive',
silly get cb     'x-served-by': 'cache-dfw1829-DFW',
silly get cb     'x-cache': 'HIT',
silly get cb     'x-cache-hits': '1',
silly get cb     'x-timer': 'S1412355865.860059,VS0,VE0',
silly get cb     vary: 'Accept' } ]
silly name, range, hasData 2 [ 'mkdirp', '>=0.5.0- <0.6.0-', true ]
silly versions [ 'mkdirp',
silly versions   [ '0.0.1',
silly versions     '0.0.2',
silly versions     '0.0.3',
silly versions     '0.0.4',
silly versions     '0.0.5',
silly versions     '0.0.6',
silly versions     '0.0.7',
silly versions     '0.1.0',
silly versions     '0.2.0',
silly versions     '0.2.1',
silly versions     '0.2.2',
silly versions     '0.3.0',
silly versions     '0.3.1',
silly versions     '0.3.2',
silly versions     '0.3.3',
silly versions     '0.3.4',
silly versions     '0.3.5',
silly versions     '0.4.0',
silly versions     '0.4.1',
silly versions     '0.4.2',
silly versions     '0.5.0' ] ]
verbose bin dist [ '0.6-ares1.7.5-evundefined-openssl1.0.1-v83.7.12.22-linux-x64-3.8.0-38-generic',
verbose bin dist   { shasum: '1d73076a6df986cd9344e15e71fcc05a4c9abf12',
verbose bin dist     tarball: 'http://registry.npmjs.org/mkdirp/-/mkdirp-0.5.0.tgz' } ]
verbose addRemoteTarball [ 'http://registry.npmjs.org/mkdirp/-/mkdirp-0.5.0.tgz',
verbose addRemoteTarball   '1d73076a6df986cd9344e15e71fcc05a4c9abf12' ]
verbose mkdir (expected) error ENOENT, no such file or directory '/tmp/npm-1412355864419/1412355866165-0.6261982908472419'
verbose mkdir done: /tmp/npm-1412355864419/1412355866165-0.6261982908472419 755
verbose fetch to /tmp/npm-1412355864419/1412355866165-0.6261982908472419/tmp.tgz
http GET http://registry.npmjs.org/mkdirp/-/mkdirp-0.5.0.tgz
http 200 http://registry.npmjs.org/monocle/1.1.51
silly get cb [ 200,
silly get cb   { server: 'CouchDB/1.5.0 (Erlang OTP/R16B03)',
silly get cb     etag: '"6V47L2O85NANZBMNOTQCEEGT6"',
silly get cb     'content-type': 'application/json',
silly get cb     'cache-control': 'max-age=60',
silly get cb     'content-length': '3670',
silly get cb     'accept-ranges': 'bytes',
silly get cb     date: 'Fri, 03 Oct 2014 17:04:25 GMT',
silly get cb     via: '1.1 varnish',
silly get cb     age: '7212',
silly get cb     connection: 'keep-alive',
silly get cb     'x-served-by': 'cache-dfw1830-DFW',
silly get cb     'x-cache': 'HIT',
silly get cb     'x-cache-hits': '1',
silly get cb     'x-timer': 'S1412355865.882295,VS0,VE41',
silly get cb     vary: 'Accept' } ]
http 200 http://registry.npmjs.org/commander/2.1.0
silly get cb [ 200,
silly get cb   { server: 'CouchDB/1.5.0 (Erlang OTP/R16B03)',
silly get cb     etag: '"3WPEQUO5S7OEKH7WFEDO4REV7"',
silly get cb     'content-type': 'application/json',
silly get cb     'cache-control': 'max-age=60',
silly get cb     'content-length': '920',
silly get cb     'accept-ranges': 'bytes',
silly get cb     date: 'Fri, 03 Oct 2014 17:04:25 GMT',
silly get cb     via: '1.1 varnish',
silly get cb     age: '6438',
silly get cb     connection: 'keep-alive',
silly get cb     'x-served-by': 'cache-ord1734-ORD',
silly get cb     'x-cache': 'HIT',
silly get cb     'x-cache-hits': '1',
silly get cb     'x-timer': 'S1412355865.799044,VS0,VE138',
silly get cb     vary: 'Accept' } ]
verbose mkdir (expected) error ENOENT, no such file or directory '/home/sameer/.npm/monocle'
verbose mkdir (expected) error ENOENT, no such file or directory '/home/sameer/.npm/commander/2.1.0'
verbose mkdir (expected) error ENOENT, no such file or directory '/home/sameer/.npm/monocle/1.1.51'
verbose mkdir done: /home/sameer/.npm/commander/2.1.0 755
verbose mkdir done: /home/sameer/.npm/monocle/1.1.51 755
verbose bin dist [ '0.6-ares1.7.5-evundefined-openssl1.0.1-v83.7.12.22-linux-x64-3.8.0-38-generic',
verbose bin dist   { shasum: 'd121bbae860d9992a3d517ba96f56588e47c6781',
verbose bin dist     tarball: 'http://registry.npmjs.org/commander/-/commander-2.1.0.tgz' } ]
verbose addRemoteTarball [ 'http://registry.npmjs.org/commander/-/commander-2.1.0.tgz',
verbose addRemoteTarball   'd121bbae860d9992a3d517ba96f56588e47c6781' ]
verbose bin dist [ '0.6-ares1.7.5-evundefined-openssl1.0.1-v83.7.12.22-linux-x64-3.8.0-38-generic',
verbose bin dist   { shasum: '22ed16e112e9b056769c5ccac920e375249d89c0',
verbose bin dist     tarball: 'http://registry.npmjs.org/monocle/-/monocle-1.1.51.tgz' } ]
verbose addRemoteTarball [ 'http://registry.npmjs.org/monocle/-/monocle-1.1.51.tgz',
verbose addRemoteTarball   '22ed16e112e9b056769c5ccac920e375249d89c0' ]
verbose mkdir (expected) error ENOENT, no such file or directory '/tmp/npm-1412355864419/1412355866172-0.7110306343529373'
verbose mkdir (expected) error ENOENT, no such file or directory '/tmp/npm-1412355864419/1412355866173-0.2629181621596217'
verbose mkdir done: /tmp/npm-1412355864419/1412355866172-0.7110306343529373 755
verbose mkdir done: /tmp/npm-1412355864419/1412355866173-0.2629181621596217 755
verbose fetch to /tmp/npm-1412355864419/1412355866172-0.7110306343529373/tmp.tgz
verbose fetch to /tmp/npm-1412355864419/1412355866173-0.2629181621596217/tmp.tgz
http GET http://registry.npmjs.org/commander/-/commander-2.1.0.tgz
http GET http://registry.npmjs.org/monocle/-/monocle-1.1.51.tgz
http 200 http://registry.npmjs.org/void-elements
silly get cb [ 200,
silly get cb   { server: 'CouchDB/1.5.0 (Erlang OTP/R16B03)',
silly get cb     etag: '"8J7AT0Y71HD2STV5JJ1I10S5Y"',
silly get cb     'content-type': 'application/json',
silly get cb     'cache-control': 'max-age=60',
silly get cb     'content-length': '4977',
silly get cb     'accept-ranges': 'bytes',
silly get cb     date: 'Fri, 03 Oct 2014 17:04:25 GMT',
silly get cb     via: '1.1 varnish',
silly get cb     age: '1069',
silly get cb     connection: 'keep-alive',
silly get cb     'x-served-by': 'cache-dfw1829-DFW',
silly get cb     'x-cache': 'HIT',
silly get cb     'x-cache-hits': '1',
silly get cb     'x-timer': 'S1412355865.958279,VS0,VE0',
silly get cb     vary: 'Accept' } ]
verbose mkdir (expected) error ENOENT, no such file or directory '/home/sameer/.npm/void-elements'
verbose mkdir done: /home/sameer/.npm/void-elements 755
silly name, range, hasData 2 [ 'void-elements', '>=1.0.0- <1.1.0-', true ]
silly versions [ 'void-elements', [] ]
verbose about to build /home/sameer/NodeJSChatClient/node_modules/jade
ERR! error installing jade@1.7.0
info unbuild /home/sameer/NodeJSChatClient/node_modules/jade
verbose from cache /home/sameer/NodeJSChatClient/node_modules/jade/package.json
info preuninstall jade@1.7.0
info uninstall jade@1.7.0
verbose unbuild jade@1.7.0 [ true,
verbose unbuild jade@1.7.0   '/home/sameer/NodeJSChatClient/node_modules',
verbose unbuild jade@1.7.0   '/home/sameer/NodeJSChatClient/node_modules' ]
verbose binRoot [ '/home/sameer/NodeJSChatClient/node_modules/.bin',
verbose binRoot   { jade: './bin/jade.js' } ]
info postuninstall jade@1.7.0
verbose installOne cb jade@1.7.0
ERR! Error: No compatible version found: void-elements@'>=1.0.0- <1.1.0-'
ERR! No valid targets found.
ERR! Perhaps not compatible with your version of node?
ERR!     at installTargetsError (/usr/share/npm/lib/cache.js:488:10)
ERR!     at next_ (/usr/share/npm/lib/cache.js:438:17)
ERR!     at next (/usr/share/npm/lib/cache.js:415:44)
ERR!     at /usr/share/npm/lib/cache.js:408:5
ERR!     at saved (/usr/share/npm/lib/utils/npm-registry-client/get.js:147:7)
ERR!     at Object.oncomplete (/usr/lib/nodejs/graceful-fs.js:230:7)
ERR! You may report this log at:
ERR!     <http://bugs.debian.org/npm>
ERR! or use
ERR!     reportbug --attach /home/sameer/NodeJSChatClient/npm-debug.log npm
ERR! 
ERR! System Linux 3.8.0-38-generic
ERR! command "node" "/usr/bin/npm" "install" "jade"
ERR! cwd /home/sameer/NodeJSChatClient
ERR! node -v v0.6.12
ERR! npm -v 1.1.4
ERR! message No compatible version found: void-elements@'>=1.0.0- <1.1.0-'
ERR! message No valid targets found.
ERR! message Perhaps not compatible with your version of node?
verbose exit [ 1, true ]
